#! /c/Source/iverilog-install/bin/vvp
:ivl_version "12.0 (devel)" "(s20150603-1110-g18392a46)";
:ivl_delay_selection "TYPICAL";
:vpi_time_precision - 3;
:vpi_module "C:\iverilog\lib\ivl\system.vpi";
:vpi_module "C:\iverilog\lib\ivl\vhdl_sys.vpi";
:vpi_module "C:\iverilog\lib\ivl\vhdl_textio.vpi";
:vpi_module "C:\iverilog\lib\ivl\v2005_math.vpi";
:vpi_module "C:\iverilog\lib\ivl\va_math.vpi";
S_00000197e470afe0 .scope module, "testbench" "testbench" 2 3;
 .timescale -3 -3;
v00000197e4764450_0 .net "MISO", 0 0, v00000197e4763580_0;  1 drivers
v00000197e4765d50_0 .net "MOSI", 0 0, v00000197e47638a0_0;  1 drivers
v00000197e4764bd0_0 .net "SS", 0 0, v00000197e47634e0_0;  1 drivers
v00000197e4764090_0 .var "button1", 0 0;
v00000197e4764630_0 .var "clk", 0 0;
S_00000197e46d4600 .scope module, "top_inst" "top" 2 7, 3 1 0, S_00000197e470afe0;
 .timescale -3 -3;
    .port_info 0 /INPUT 1 "clk";
    .port_info 1 /INPUT 1 "button1";
    .port_info 2 /OUTPUT 1 "MOSI";
    .port_info 3 /OUTPUT 1 "MISO";
    .port_info 4 /OUTPUT 1 "SS";
v00000197e4765530_0 .net "MISO", 0 0, v00000197e4763580_0;  alias, 1 drivers
v00000197e47650d0_0 .net "MOSI", 0 0, v00000197e47638a0_0;  alias, 1 drivers
v00000197e47643b0_0 .net "SS", 0 0, v00000197e47634e0_0;  alias, 1 drivers
v00000197e4764270_0 .net "button1", 0 0, v00000197e4764090_0;  1 drivers
v00000197e4765170_0 .net "clk", 0 0, v00000197e4764630_0;  1 drivers
v00000197e4765670_0 .net "clk_div", 0 0, L_00000197e4765f30;  1 drivers
v00000197e4765210_0 .net "data_input", 9 0, v00000197e4763a80_0;  1 drivers
v00000197e4765b70_0 .net "data_output", 9 0, v00000197e47658f0_0;  1 drivers
v00000197e4764a90_0 .net "data_output_uart", 0 0, v00000197e47657b0_0;  1 drivers
v00000197e4765cb0_0 .net "data_update", 0 0, v00000197e4763f80_0;  1 drivers
v00000197e4765a30_0 .net "transmitted_signal", 0 0, v00000197e4764e50_0;  1 drivers
S_00000197e46fc880 .scope module, "data_reader_inst" "sending_data" 3 12, 4 1 0, S_00000197e46d4600;
 .timescale -3 -3;
    .port_info 0 /INPUT 1 "clk";
    .port_info 1 /INPUT 1 "button1";
    .port_info 2 /OUTPUT 10 "data";
    .port_info 3 /OUTPUT 1 "data_update";
    .port_info 4 /OUTPUT 1 "clk_div";
P_00000197e46c9500 .param/l "count_of_strobe" 0 4 16, +C4<00000000000000000000000000000001>;
P_00000197e46c9538 .param/l "debouncer_limit" 0 4 15, +C4<000000000000001000001111010110001>;
P_00000197e46c9570 .param/l "frequency" 0 4 4, +C4<00000001100110111111110011000000>;
P_00000197e46c95a8 .param/l "package_size" 0 4 3, +C4<00000000000000000000000000001000>;
P_00000197e46c95e0 .param/l "transfer_speed" 0 4 2, +C4<00000001100110111111110011000000>;
L_00000197e46d1570 .functor AND 1, L_00000197e4764310, L_00000197e4765710, C4<1>, C4<1>;
v00000197e46d0a00_0 .net *"_ivl_0", 32 0, L_00000197e4765030;  1 drivers
v00000197e46a3240_0 .net *"_ivl_12", 31 0, L_00000197e4765df0;  1 drivers
L_00000197e47b0118 .functor BUFT 1, C4<00000>, C4<0>, C4<0>, C4<0>;
v00000197e46d68b0_0 .net *"_ivl_15", 4 0, L_00000197e47b0118;  1 drivers
L_00000197e47b0160 .functor BUFT 1, C4<00000000000000000001010100011000>, C4<0>, C4<0>, C4<0>;
v00000197e46d4790_0 .net/2u *"_ivl_16", 31 0, L_00000197e47b0160;  1 drivers
L_00000197e47b0088 .functor BUFT 1, C4<00000000000000>, C4<0>, C4<0>, C4<0>;
v00000197e46fca10_0 .net *"_ivl_3", 13 0, L_00000197e47b0088;  1 drivers
L_00000197e47b00d0 .functor BUFT 1, C4<000000000000001000001111010110000>, C4<0>, C4<0>, C4<0>;
v00000197e46fcab0_0 .net/2u *"_ivl_4", 32 0, L_00000197e47b00d0;  1 drivers
v00000197e46fcb50_0 .net *"_ivl_6", 0 0, L_00000197e4764310;  1 drivers
v00000197e4763300_0 .net *"_ivl_9", 0 0, L_00000197e4765710;  1 drivers
v00000197e47636c0_0 .net "button1", 0 0, v00000197e4764090_0;  alias, 1 drivers
v00000197e47633a0_0 .var "button1_counter", 18 0;
v00000197e4763da0_0 .var "button1_pressed", 0 0;
v00000197e4763620_0 .var "button1_stable", 0 0;
v00000197e4763080_0 .net "clk", 0 0, v00000197e4764630_0;  alias, 1 drivers
v00000197e4763440_0 .net "clk_div", 0 0, L_00000197e4765f30;  alias, 1 drivers
v00000197e4763800_0 .var "count", 26 0;
v00000197e4763760_0 .var "counter", 26 0;
v00000197e4763a80_0 .var "data", 9 0;
v00000197e4763940_0 .net "data_ready", 0 0, L_00000197e46d1570;  1 drivers
v00000197e4763f80_0 .var "data_update", 0 0;
v00000197e4763120_0 .var/i "i", 31 0;
v00000197e47631c0 .array "messages", 26 0, 7 0;
v00000197e4763b20_0 .var "prev_button1", 0 0;
E_00000197e4706c60 .event posedge, v00000197e4763440_0;
E_00000197e4705820 .event posedge, v00000197e4763080_0;
L_00000197e4765030 .concat [ 19 14 0 0], v00000197e47633a0_0, L_00000197e47b0088;
L_00000197e4764310 .cmp/eq 33, L_00000197e4765030, L_00000197e47b00d0;
L_00000197e4765710 .reduce/nor v00000197e4764090_0;
L_00000197e4765df0 .concat [ 27 5 0 0], v00000197e4763760_0, L_00000197e47b0118;
L_00000197e4765f30 .cmp/eq 32, L_00000197e4765df0, L_00000197e47b0160;
S_00000197e46f4260 .scope module, "spi_master_inst" "spi_master" 3 13, 5 1 0, S_00000197e46d4600;
 .timescale -3 -3;
    .port_info 0 /INPUT 1 "clk_div";
    .port_info 1 /INPUT 10 "data";
    .port_info 2 /INPUT 1 "data_update";
    .port_info 3 /INPUT 1 "MISO";
    .port_info 4 /OUTPUT 1 "MOSI";
    .port_info 5 /OUTPUT 1 "SS";
P_00000197e47053e0 .param/l "package_size" 0 5 1, +C4<00000000000000000000000000001000>;
v00000197e4763e40_0 .net "MISO", 0 0, v00000197e4763580_0;  alias, 1 drivers
v00000197e47638a0_0 .var "MOSI", 0 0;
v00000197e47634e0_0 .var "SS", 0 0;
v00000197e4763bc0_0 .net "clk_div", 0 0, L_00000197e4765f30;  alias, 1 drivers
v00000197e47639e0_0 .net "data", 9 0, v00000197e4763a80_0;  alias, 1 drivers
v00000197e4763c60_0 .net "data_update", 0 0, v00000197e4763f80_0;  alias, 1 drivers
v00000197e4763ee0_0 .var/i "i", 31 0;
v00000197e4763d00_0 .var "recieved_data", 9 0;
v00000197e4763260_0 .var "temp_data", 9 0;
S_00000197e46f43f0 .scope module, "spi_slave_inst" "spi_slave" 3 14, 6 1 0, S_00000197e46d4600;
 .timescale -3 -3;
    .port_info 0 /INPUT 1 "clk_div";
    .port_info 1 /INPUT 1 "MOSI";
    .port_info 2 /INPUT 1 "SS";
    .port_info 3 /OUTPUT 1 "MISO";
    .port_info 4 /OUTPUT 10 "data_output";
    .port_info 5 /OUTPUT 1 "data_output_uart";
P_00000197e4705120 .param/l "package_size" 0 6 1, +C4<00000000000000000000000000001000>;
v00000197e4763580_0 .var "MISO", 0 0;
v00000197e47646d0_0 .net "MOSI", 0 0, v00000197e47638a0_0;  alias, 1 drivers
v00000197e47655d0_0 .net "SS", 0 0, v00000197e47634e0_0;  alias, 1 drivers
v00000197e4765490_0 .net "clk_div", 0 0, L_00000197e4765f30;  alias, 1 drivers
v00000197e4764d10_0 .var "count", 26 0;
v00000197e4765e90_0 .var "data", 9 0;
v00000197e47658f0_0 .var "data_output", 9 0;
v00000197e47657b0_0 .var "data_output_uart", 0 0;
v00000197e47648b0_0 .var "data_to_send", 9 0;
v00000197e4765850_0 .var/i "i", 31 0;
E_00000197e4705ea0 .event negedge, v00000197e4763440_0;
S_00000197e46f4580 .scope module, "uart_tx_inst" "uart_tx" 3 15, 7 1 0, S_00000197e46d4600;
 .timescale -3 -3;
    .port_info 0 /INPUT 1 "clk";
    .port_info 1 /INPUT 10 "data";
    .port_info 2 /INPUT 1 "data_update_uart";
    .port_info 3 /OUTPUT 1 "transmitted_signal";
P_00000197e46eaac0 .param/l "count_of_strobe" 0 7 11, +C4<00000000000000000000000000000100>;
P_00000197e46eaaf8 .param/l "frequency" 0 7 2, +C4<00000000000000000000000001100100>;
P_00000197e46eab30 .param/l "package_size" 0 7 1, +C4<00000000000000000000000000001000>;
P_00000197e46eab68 .param/l "transfer_speed" 0 7 1, +C4<00000000000000000000000000011001>;
v00000197e4764db0_0 .net "clk", 0 0, v00000197e4764630_0;  alias, 1 drivers
v00000197e4765990_0 .var "count", 26 0;
v00000197e4764ef0_0 .net "data", 9 0, v00000197e47658f0_0;  alias, 1 drivers
v00000197e4765c10_0 .net "data_update_uart", 0 0, v00000197e47657b0_0;  alias, 1 drivers
v00000197e47653f0_0 .var/i "i", 31 0;
v00000197e4764f90_0 .var "recieved_data", 9 0;
v00000197e4765ad0_0 .var "sending_data", 0 0;
v00000197e4764e50_0 .var "transmitted_signal", 0 0;
    .scope S_00000197e46fc880;
T_0 ;
    %pushi/vec4 0, 0, 1;
    %store/vec4 v00000197e4763f80_0, 0, 1;
    %pushi/vec4 0, 0, 32;
    %store/vec4 v00000197e4763120_0, 0, 32;
    %pushi/vec4 0, 0, 27;
    %store/vec4 v00000197e4763800_0, 0, 27;
    %pushi/vec4 0, 0, 27;
    %store/vec4 v00000197e4763760_0, 0, 27;
    %pushi/vec4 1, 0, 1;
    %store/vec4 v00000197e4763b20_0, 0, 1;
    %pushi/vec4 0, 0, 1;
    %store/vec4 v00000197e4763da0_0, 0, 1;
    %pushi/vec4 0, 0, 1;
    %store/vec4 v00000197e4763620_0, 0, 1;
    %pushi/vec4 0, 0, 19;
    %store/vec4 v00000197e47633a0_0, 0, 19;
    %end;
    .thread T_0;
    .scope S_00000197e46fc880;
T_1 ;
    %pushi/vec4 104, 0, 8;
    %ix/load 4, 0, 0;
    %flag_set/imm 4, 0;
    %store/vec4a v00000197e47631c0, 4, 0;
    %pushi/vec4 101, 0, 8;
    %ix/load 4, 1, 0;
    %flag_set/imm 4, 0;
    %store/vec4a v00000197e47631c0, 4, 0;
    %pushi/vec4 108, 0, 8;
    %ix/load 4, 2, 0;
    %flag_set/imm 4, 0;
    %store/vec4a v00000197e47631c0, 4, 0;
    %pushi/vec4 108, 0, 8;
    %ix/load 4, 3, 0;
    %flag_set/imm 4, 0;
    %store/vec4a v00000197e47631c0, 4, 0;
    %pushi/vec4 111, 0, 8;
    %ix/load 4, 4, 0;
    %flag_set/imm 4, 0;
    %store/vec4a v00000197e47631c0, 4, 0;
    %pushi/vec4 44, 0, 8;
    %ix/load 4, 5, 0;
    %flag_set/imm 4, 0;
    %store/vec4a v00000197e47631c0, 4, 0;
    %pushi/vec4 32, 0, 8;
    %ix/load 4, 6, 0;
    %flag_set/imm 4, 0;
    %store/vec4a v00000197e47631c0, 4, 0;
    %pushi/vec4 118, 0, 8;
    %ix/load 4, 7, 0;
    %flag_set/imm 4, 0;
    %store/vec4a v00000197e47631c0, 4, 0;
    %pushi/vec4 108, 0, 8;
    %ix/load 4, 8, 0;
    %flag_set/imm 4, 0;
    %store/vec4a v00000197e47631c0, 4, 0;
    %pushi/vec4 97, 0, 8;
    %ix/load 4, 9, 0;
    %flag_set/imm 4, 0;
    %store/vec4a v00000197e47631c0, 4, 0;
    %pushi/vec4 100, 0, 8;
    %ix/load 4, 10, 0;
    %flag_set/imm 4, 0;
    %store/vec4a v00000197e47631c0, 4, 0;
    %pushi/vec4 105, 0, 8;
    %ix/load 4, 11, 0;
    %flag_set/imm 4, 0;
    %store/vec4a v00000197e47631c0, 4, 0;
    %pushi/vec4 109, 0, 8;
    %ix/load 4, 12, 0;
    %flag_set/imm 4, 0;
    %store/vec4a v00000197e47631c0, 4, 0;
    %pushi/vec4 105, 0, 8;
    %ix/load 4, 13, 0;
    %flag_set/imm 4, 0;
    %store/vec4a v00000197e47631c0, 4, 0;
    %pushi/vec4 114, 0, 8;
    %ix/load 4, 14, 0;
    %flag_set/imm 4, 0;
    %store/vec4a v00000197e47631c0, 4, 0;
    %pushi/vec4 32, 0, 8;
    %ix/load 4, 15, 0;
    %flag_set/imm 4, 0;
    %store/vec4a v00000197e47631c0, 4, 0;
    %pushi/vec4 118, 0, 8;
    %ix/load 4, 16, 0;
    %flag_set/imm 4, 0;
    %store/vec4a v00000197e47631c0, 4, 0;
    %pushi/vec4 105, 0, 8;
    %ix/load 4, 17, 0;
    %flag_set/imm 4, 0;
    %store/vec4a v00000197e47631c0, 4, 0;
    %pushi/vec4 99, 0, 8;
    %ix/load 4, 18, 0;
    %flag_set/imm 4, 0;
    %store/vec4a v00000197e47631c0, 4, 0;
    %pushi/vec4 116, 0, 8;
    %ix/load 4, 19, 0;
    %flag_set/imm 4, 0;
    %store/vec4a v00000197e47631c0, 4, 0;
    %pushi/vec4 111, 0, 8;
    %ix/load 4, 20, 0;
    %flag_set/imm 4, 0;
    %store/vec4a v00000197e47631c0, 4, 0;
    %pushi/vec4 114, 0, 8;
    %ix/load 4, 21, 0;
    %flag_set/imm 4, 0;
    %store/vec4a v00000197e47631c0, 4, 0;
    %pushi/vec4 111, 0, 8;
    %ix/load 4, 22, 0;
    %flag_set/imm 4, 0;
    %store/vec4a v00000197e47631c0, 4, 0;
    %pushi/vec4 118, 0, 8;
    %ix/load 4, 23, 0;
    %flag_set/imm 4, 0;
    %store/vec4a v00000197e47631c0, 4, 0;
    %pushi/vec4 105, 0, 8;
    %ix/load 4, 24, 0;
    %flag_set/imm 4, 0;
    %store/vec4a v00000197e47631c0, 4, 0;
    %pushi/vec4 99, 0, 8;
    %ix/load 4, 25, 0;
    %flag_set/imm 4, 0;
    %store/vec4a v00000197e47631c0, 4, 0;
    %pushi/vec4 104, 0, 8;
    %ix/load 4, 26, 0;
    %flag_set/imm 4, 0;
    %store/vec4a v00000197e47631c0, 4, 0;
    %end;
    .thread T_1;
    .scope S_00000197e46fc880;
T_2 ;
    %wait E_00000197e4705820;
    %load/vec4 v00000197e47636c0_0;
    %nor/r;
    %load/vec4 v00000197e4763b20_0;
    %and;
    %flag_set/vec4 8;
    %jmp/0xz  T_2.0, 8;
    %pushi/vec4 1, 0, 1;
    %store/vec4 v00000197e4763da0_0, 0, 1;
    %jmp T_2.1;
T_2.0 ;
    %load/vec4 v00000197e4763da0_0;
    %flag_set/vec4 8;
    %jmp/0xz  T_2.2, 8;
    %load/vec4 v00000197e47633a0_0;
    %addi 1, 0, 19;
    %store/vec4 v00000197e47633a0_0, 0, 19;
T_2.2 ;
T_2.1 ;
    %load/vec4 v00000197e47633a0_0;
    %pad/u 33;
    %cmpi/e 270001, 0, 33;
    %jmp/0xz  T_2.4, 4;
    %pushi/vec4 1, 0, 1;
    %store/vec4 v00000197e4763620_0, 0, 1;
T_2.4 ;
    %load/vec4 v00000197e4763620_0;
    %load/vec4 v00000197e47636c0_0;
    %nor/r;
    %and;
    %flag_set/vec4 8;
    %jmp/0xz  T_2.6, 8;
    %pushi/vec4 0, 0, 1;
    %store/vec4 v00000197e4763620_0, 0, 1;
    %pushi/vec4 0, 0, 1;
    %store/vec4 v00000197e4763da0_0, 0, 1;
    %pushi/vec4 0, 0, 19;
    %store/vec4 v00000197e47633a0_0, 0, 19;
T_2.6 ;
    %load/vec4 v00000197e47636c0_0;
    %store/vec4 v00000197e4763b20_0, 0, 1;
    %jmp T_2;
    .thread T_2;
    .scope S_00000197e46fc880;
T_3 ;
    %wait E_00000197e4705820;
    %load/vec4 v00000197e4763760_0;
    %pad/u 32;
    %cmpi/e 5400, 0, 32;
    %jmp/0xz  T_3.0, 4;
    %pushi/vec4 0, 0, 27;
    %store/vec4 v00000197e4763760_0, 0, 27;
    %jmp T_3.1;
T_3.0 ;
    %load/vec4 v00000197e4763760_0;
    %addi 1, 0, 27;
    %store/vec4 v00000197e4763760_0, 0, 27;
T_3.1 ;
    %jmp T_3;
    .thread T_3;
    .scope S_00000197e46fc880;
T_4 ;
    %wait E_00000197e4706c60;
    %load/vec4 v00000197e4763940_0;
    %flag_set/vec4 8;
    %load/vec4 v00000197e4763f80_0;
    %flag_set/vec4 9;
    %flag_or 9, 8;
    %jmp/0xz  T_4.0, 9;
    %pushi/vec4 1, 0, 1;
    %store/vec4 v00000197e4763f80_0, 0, 1;
    %load/vec4 v00000197e4763800_0;
    %addi 1, 0, 27;
    %store/vec4 v00000197e4763800_0, 0, 27;
    %load/vec4 v00000197e4763800_0;
    %pad/u 32;
    %pushi/vec4 12, 0, 32;
    %cmp/e;
    %flag_get/vec4 4;
    %load/vec4 v00000197e4763120_0;
    %pushi/vec4 0, 0, 32;
    %cmp/e;
    %flag_get/vec4 4;
    %and;
    %flag_set/vec4 8;
    %jmp/0xz  T_4.2, 8;
    %load/vec4 v00000197e4763120_0;
    %addi 1, 0, 32;
    %store/vec4 v00000197e4763120_0, 0, 32;
    %pushi/vec4 1, 0, 27;
    %store/vec4 v00000197e4763800_0, 0, 27;
    %jmp T_4.3;
T_4.2 ;
    %load/vec4 v00000197e4763800_0;
    %pad/u 32;
    %pushi/vec4 11, 0, 32;
    %cmp/e;
    %flag_get/vec4 4;
    %pushi/vec4 0, 0, 32;
    %load/vec4 v00000197e4763120_0;
    %cmp/s;
    %flag_get/vec4 5;
    %and;
    %flag_set/vec4 8;
    %jmp/0xz  T_4.4, 8;
    %load/vec4 v00000197e4763120_0;
    %addi 1, 0, 32;
    %store/vec4 v00000197e4763120_0, 0, 32;
    %pushi/vec4 1, 0, 27;
    %store/vec4 v00000197e4763800_0, 0, 27;
T_4.4 ;
T_4.3 ;
    %load/vec4 v00000197e4763120_0;
    %cmpi/e 27, 0, 32;
    %jmp/0xz  T_4.6, 4;
    %pushi/vec4 0, 0, 27;
    %store/vec4 v00000197e4763800_0, 0, 27;
    %pushi/vec4 0, 0, 32;
    %store/vec4 v00000197e4763120_0, 0, 32;
    %pushi/vec4 0, 0, 1;
    %store/vec4 v00000197e4763f80_0, 0, 1;
    %jmp T_4.7;
T_4.6 ;
    %pushi/vec4 1, 0, 1;
    %ix/getv/s 4, v00000197e4763120_0;
    %load/vec4a v00000197e47631c0, 4;
    %concat/vec4; draw_concat_vec4
    %concati/vec4 0, 0, 1;
    %store/vec4 v00000197e4763a80_0, 0, 10;
T_4.7 ;
T_4.0 ;
    %jmp T_4;
    .thread T_4;
    .scope S_00000197e46f4260;
T_5 ;
    %pushi/vec4 1, 0, 1;
    %store/vec4 v00000197e47634e0_0, 0, 1;
    %pushi/vec4 0, 0, 10;
    %store/vec4 v00000197e4763d00_0, 0, 10;
    %pushi/vec4 0, 0, 32;
    %store/vec4 v00000197e4763ee0_0, 0, 32;
    %end;
    .thread T_5;
    .scope S_00000197e46f4260;
T_6 ;
    %wait E_00000197e4706c60;
    %load/vec4 v00000197e4763c60_0;
    %flag_set/vec4 8;
    %jmp/0xz  T_6.0, 8;
    %pushi/vec4 0, 0, 1;
    %store/vec4 v00000197e47634e0_0, 0, 1;
    %load/vec4 v00000197e4763ee0_0;
    %addi 1, 0, 32;
    %store/vec4 v00000197e4763ee0_0, 0, 32;
    %load/vec4 v00000197e4763ee0_0;
    %cmpi/e 1, 0, 32;
    %jmp/0xz  T_6.2, 4;
    %load/vec4 v00000197e47639e0_0;
    %store/vec4 v00000197e4763260_0, 0, 10;
T_6.2 ;
    %load/vec4 v00000197e4763ee0_0;
    %cmpi/e 10, 0, 32;
    %jmp/0xz  T_6.4, 4;
    %pushi/vec4 0, 0, 32;
    %assign/vec4 v00000197e4763ee0_0, 0;
T_6.4 ;
    %load/vec4 v00000197e4763260_0;
    %parti/s 1, 0, 2;
    %store/vec4 v00000197e47638a0_0, 0, 1;
    %load/vec4 v00000197e4763260_0;
    %ix/load 4, 1, 0;
    %flag_set/imm 4, 0;
    %shiftr 4;
    %store/vec4 v00000197e4763260_0, 0, 10;
    %jmp T_6.1;
T_6.0 ;
    %pushi/vec4 1, 0, 1;
    %store/vec4 v00000197e47634e0_0, 0, 1;
T_6.1 ;
    %jmp T_6;
    .thread T_6;
    .scope S_00000197e46f4260;
T_7 ;
    %wait E_00000197e4706c60;
    %load/vec4 v00000197e4763c60_0;
    %flag_set/vec4 8;
    %jmp/0xz  T_7.0, 8;
    %load/vec4 v00000197e4763d00_0;
    %ix/load 4, 1, 0;
    %flag_set/imm 4, 0;
    %shiftr 4;
    %store/vec4 v00000197e4763d00_0, 0, 10;
    %load/vec4 v00000197e4763e40_0;
    %ix/load 4, 7, 0;
    %flag_set/imm 4, 0;
    %store/vec4 v00000197e4763d00_0, 4, 1;
T_7.0 ;
    %jmp T_7;
    .thread T_7;
    .scope S_00000197e46f43f0;
T_8 ;
    %pushi/vec4 0, 0, 1;
    %store/vec4 v00000197e47657b0_0, 0, 1;
    %pushi/vec4 0, 0, 32;
    %store/vec4 v00000197e4765850_0, 0, 32;
    %pushi/vec4 0, 0, 27;
    %store/vec4 v00000197e4764d10_0, 0, 27;
    %pushi/vec4 0, 0, 10;
    %store/vec4 v00000197e4765e90_0, 0, 10;
    %pushi/vec4 170, 0, 10;
    %store/vec4 v00000197e47648b0_0, 0, 10;
    %end;
    .thread T_8;
    .scope S_00000197e46f43f0;
T_9 ;
    %wait E_00000197e4705ea0;
    %load/vec4 v00000197e47655d0_0;
    %nor/r;
    %flag_set/vec4 8;
    %jmp/0xz  T_9.0, 8;
    %load/vec4 v00000197e4764d10_0;
    %addi 1, 0, 27;
    %store/vec4 v00000197e4764d10_0, 0, 27;
    %load/vec4 v00000197e4765e90_0;
    %ix/load 4, 1, 0;
    %flag_set/imm 4, 0;
    %shiftr 4;
    %store/vec4 v00000197e4765e90_0, 0, 10;
    %load/vec4 v00000197e47646d0_0;
    %ix/load 4, 9, 0;
    %flag_set/imm 4, 0;
    %store/vec4 v00000197e4765e90_0, 4, 1;
    %load/vec4 v00000197e4764d10_0;
    %pad/u 32;
    %cmpi/e 10, 0, 32;
    %jmp/0xz  T_9.2, 4;
    %load/vec4 v00000197e4765e90_0;
    %store/vec4 v00000197e47658f0_0, 0, 10;
    %pushi/vec4 0, 0, 27;
    %store/vec4 v00000197e4764d10_0, 0, 27;
    %pushi/vec4 1, 0, 1;
    %store/vec4 v00000197e47657b0_0, 0, 1;
    %jmp T_9.3;
T_9.2 ;
    %pushi/vec4 0, 0, 1;
    %store/vec4 v00000197e47657b0_0, 0, 1;
T_9.3 ;
T_9.0 ;
    %jmp T_9;
    .thread T_9;
    .scope S_00000197e46f43f0;
T_10 ;
    %wait E_00000197e4706c60;
    %load/vec4 v00000197e47655d0_0;
    %nor/r;
    %flag_set/vec4 8;
    %jmp/0xz  T_10.0, 8;
    %load/vec4 v00000197e47648b0_0;
    %parti/s 1, 0, 2;
    %store/vec4 v00000197e4763580_0, 0, 1;
    %load/vec4 v00000197e47648b0_0;
    %parti/s 7, 1, 2;
    %ix/load 4, 0, 0;
    %flag_set/imm 4, 0;
    %store/vec4 v00000197e47648b0_0, 4, 7;
    %jmp T_10.1;
T_10.0 ;
    %pushi/vec4 170, 0, 10;
    %store/vec4 v00000197e47648b0_0, 0, 10;
T_10.1 ;
    %jmp T_10;
    .thread T_10;
    .scope S_00000197e46f4580;
T_11 ;
    %pushi/vec4 1, 0, 1;
    %store/vec4 v00000197e4764e50_0, 0, 1;
    %pushi/vec4 0, 0, 27;
    %store/vec4 v00000197e4765990_0, 0, 27;
    %pushi/vec4 0, 0, 32;
    %store/vec4 v00000197e47653f0_0, 0, 32;
    %pushi/vec4 0, 0, 10;
    %store/vec4 v00000197e4764f90_0, 0, 10;
    %pushi/vec4 0, 0, 1;
    %store/vec4 v00000197e4765ad0_0, 0, 1;
    %end;
    .thread T_11;
    .scope S_00000197e46f4580;
T_12 ;
    %wait E_00000197e4705820;
    %load/vec4 v00000197e4765c10_0;
    %flag_set/vec4 8;
    %load/vec4 v00000197e4765ad0_0;
    %flag_set/vec4 9;
    %flag_or 9, 8;
    %jmp/0xz  T_12.0, 9;
    %load/vec4 v00000197e47653f0_0;
    %cmpi/e 10, 0, 32;
    %jmp/0xz  T_12.2, 4;
    %pushi/vec4 0, 0, 27;
    %store/vec4 v00000197e4765990_0, 0, 27;
    %pushi/vec4 0, 0, 32;
    %store/vec4 v00000197e47653f0_0, 0, 32;
    %pushi/vec4 0, 0, 1;
    %store/vec4 v00000197e4765ad0_0, 0, 1;
    %jmp T_12.3;
T_12.2 ;
    %load/vec4 v00000197e4765990_0;
    %addi 1, 0, 27;
    %store/vec4 v00000197e4765990_0, 0, 27;
    %load/vec4 v00000197e4765990_0;
    %pad/u 32;
    %cmpi/e 1, 0, 32;
    %jmp/0xz  T_12.4, 4;
    %pushi/vec4 1, 0, 1;
    %store/vec4 v00000197e4765ad0_0, 0, 1;
    %load/vec4 v00000197e4764ef0_0;
    %store/vec4 v00000197e4764f90_0, 0, 10;
T_12.4 ;
    %load/vec4 v00000197e4764f90_0;
    %load/vec4 v00000197e47653f0_0;
    %part/s 1;
    %store/vec4 v00000197e4764e50_0, 0, 1;
    %load/vec4 v00000197e4765990_0;
    %pad/u 32;
    %cmpi/e 4, 0, 32;
    %jmp/0xz  T_12.6, 4;
    %pushi/vec4 0, 0, 27;
    %store/vec4 v00000197e4765990_0, 0, 27;
    %load/vec4 v00000197e47653f0_0;
    %addi 1, 0, 32;
    %store/vec4 v00000197e47653f0_0, 0, 32;
T_12.6 ;
T_12.3 ;
    %jmp T_12.1;
T_12.0 ;
    %pushi/vec4 1, 0, 1;
    %store/vec4 v00000197e4764e50_0, 0, 1;
T_12.1 ;
    %jmp T_12;
    .thread T_12;
    .scope S_00000197e470afe0;
T_13 ;
    %pushi/vec4 0, 0, 1;
    %store/vec4 v00000197e4764630_0, 0, 1;
    %pushi/vec4 1, 0, 1;
    %store/vec4 v00000197e4764090_0, 0, 1;
    %end;
    .thread T_13;
    .scope S_00000197e470afe0;
T_14 ;
    %delay 5, 0;
    %load/vec4 v00000197e4764630_0;
    %inv;
    %store/vec4 v00000197e4764630_0, 0, 1;
    %jmp T_14;
    .thread T_14;
    .scope S_00000197e470afe0;
T_15 ;
    %vpi_call 2 17 "$dumpvars" {0 0 0};
    %vpi_call 2 18 "$display", "Test started..." {0 0 0};
    %delay 100, 0;
    %load/vec4 v00000197e4764090_0;
    %inv;
    %store/vec4 v00000197e4764090_0, 0, 1;
    %delay 100, 0;
    %load/vec4 v00000197e4764090_0;
    %inv;
    %store/vec4 v00000197e4764090_0, 0, 1;
    %delay 10000, 0;
    %vpi_call 2 21 "$finish" {0 0 0};
    %end;
    .thread T_15;
# The file index is used to find the file name in the following table.
:file_names 8;
    "N/A";
    "<interactive>";
    "testbench.v";
    "top.v";
    "sending_data.v";
    "spi_master.v";
    "spi_slave.v";
    "uart_tx.v";
